This is pdfTeX, Version 3.141592653-2.6-1.40.25 (TeX Live 2023/nixos.org) (preloaded format=pdflatex 1980.1.1)  4 SEP 2024 00:33
entering extended mode
 restricted \write18 enabled.
 %&-line parsing enabled.
**High_School_System.tex
(./High_School_System.tex
LaTeX2e <2023-11-01> patch level 1
L3 programming layer <2024-02-20>

(/nix/store/7n9h8dylb5k7ary546ax6jfalvdlmcdy-texlive-combined-2023-texmfdist/te
x/latex/base/article.cls
Document Class: article 2023/05/17 v1.4n Standard LaTeX document class

(/nix/store/7n9h8dylb5k7ary546ax6jfalvdlmcdy-texlive-combined-2023-texmfdist/te
x/latex/base/size10.clo
File: size10.clo 2023/05/17 v1.4n Standard LaTeX file (size option)
)
\c@part=\count188
\c@section=\count189
\c@subsection=\count190
\c@subsubsection=\count191
\c@paragraph=\count192
\c@subparagraph=\count193
\c@figure=\count194
\c@table=\count195
\abovecaptionskip=\skip48
\belowcaptionskip=\skip49
\bibindent=\dimen140
)
(/nix/store/7n9h8dylb5k7ary546ax6jfalvdlmcdy-texlive-combined-2023-texmfdist/te
x/latex/l3backend/l3backend-pdftex.def
File: l3backend-pdftex.def 2024-02-20 L3 backend support: PDF output (pdfTeX)
\l__color_backend_stack_int=\count196
\l__pdf_internal_box=\box51
) (./High_School_System.aux)
\openout1 = `High_School_System.aux'.

LaTeX Font Info:    Checking defaults for OML/cmm/m/it on input line 7.
LaTeX Font Info:    ... okay on input line 7.
LaTeX Font Info:    Checking defaults for OMS/cmsy/m/n on input line 7.
LaTeX Font Info:    ... okay on input line 7.
LaTeX Font Info:    Checking defaults for OT1/cmr/m/n on input line 7.
LaTeX Font Info:    ... okay on input line 7.
LaTeX Font Info:    Checking defaults for T1/cmr/m/n on input line 7.
LaTeX Font Info:    ... okay on input line 7.
LaTeX Font Info:    Checking defaults for TS1/cmr/m/n on input line 7.
LaTeX Font Info:    ... okay on input line 7.
LaTeX Font Info:    Checking defaults for OMX/cmex/m/n on input line 7.
LaTeX Font Info:    ... okay on input line 7.
LaTeX Font Info:    Checking defaults for U/cmr/m/n on input line 7.
LaTeX Font Info:    ... okay on input line 7.
LaTeX Font Info:    External font `cmex10' loaded for size
(Font)              <12> on input line 8.
LaTeX Font Info:    External font `cmex10' loaded for size
(Font)              <8> on input line 8.
LaTeX Font Info:    External font `cmex10' loaded for size
(Font)              <6> on input line 8.
 [1

{/nix/store/d3gr5hyxra8id4fz549p2gm05pmwzzx8-texlive-combined-2023/share/texmf-
var/fonts/map/pdftex/updmap/pdftex.map}] [2] (./High_School_System.aux)
 ***********
LaTeX2e <2023-11-01> patch level 1
L3 programming layer <2024-02-20>
 ***********
 ) 
Here is how much of TeX's memory you used:
 455 strings out of 475567
 9045 string characters out of 5770542
 1933187 words of memory out of 5000000
 22677 multiletter control sequences out of 15000+600000
 561709 words of font info for 48 fonts, out of 8000000 for 9000
 319 hyphenation exceptions out of 8191
 35i,6n,50p,1053b,197s stack positions out of 10000i,1000n,20000p,200000b,200000s
</nix/store/7n9h8dylb5k7ary546ax6jfalvdlmcdy-texlive-combined-2023-texmfdist/
fonts/type1/public/amsfonts/cm/cmbx12.pfb></nix/store/7n9h8dylb5k7ary546ax6jfal
vdlmcdy-texlive-combined-2023-texmfdist/fonts/type1/public/amsfonts/cm/cmr10.pf
b></nix/store/7n9h8dylb5k7ary546ax6jfalvdlmcdy-texlive-combined-2023-texmfdist/
fonts/type1/public/amsfonts/cm/cmr12.pfb></nix/store/7n9h8dylb5k7ary546ax6jfalv
dlmcdy-texlive-combined-2023-texmfdist/fonts/type1/public/amsfonts/cm/cmr17.pfb
>
Output written on High_School_System.pdf (2 pages, 59805 bytes).
PDF statistics:
 31 PDF objects out of 1000 (max. 8388607)
 18 compressed objects within 1 object stream
 0 named destinations out of 1000 (max. 500000)
 1 words of extra memory for PDF output out of 10000 (max. 10000000)

